Searching between z3-4.8.10 and z3-4.8.11
Keywords: slow, fast, time, perf(ormance), optim(ize), regression
Additional keywords: LRA,proof,UFLRA,model_validate
Keywords: slow fast time perf optim regression speed LRA proof UFLRA model_validate
For keyword slow:
[33mcommit 977082e2bd1ba4ad5d8fe1275c302fd0f9e31db3[m
Author: Nuno Lopes <nlopes@microsoft.com>
Date:   Sun Feb 21 20:18:48 2021 +0000

    travis: disable LTO build; its just too [1;31mslow[m
For keyword fast:
[33mcommit 5b24396ecd9235abe095a014eb121683e47bffbd[m
Author: Nuno Lopes <nlopes@microsoft.com>
Date:   Sun Feb 28 23:09:52 2021 +0000

    Z3_subst: add [1;31mfast[m path for quantifier subst
    when replace patterns are ground

[33mcommit 504b6559ab19dd4454531b1fbf031742538fd6fc[m
Author: Don Syme <dsyme@users.noreply.github.com>
Date:   Thu Feb 11 17:29:32 2021 +0000

    [WIP] Suggestion: build .NET package for both x86 and x64 and rename (#5021)
    
    * build package for x86
    
    * build package for x86
    
    * build package for x86
    
    Co-authored-by: Don Syme <donsyme@[1;31mfast[mmail.com>
For keyword time:
[33mcommit db04ccb1377b552186e0c3932140fd52f2e9e2d9[m
Author: Nuno Lopes <nlopes@microsoft.com>
Date:   Mon Mar 1 14:36:22 2021 +0000

    scoped_[1;31mtime[mr: skip extra unneded heap allocation

[33mcommit fc558d3946d292c36c603e077e629ba0e7111983[m
Author: Nuno Lopes <nlopes@microsoft.com>
Date:   Mon Mar 1 14:34:41 2021 +0000

    fix #5059: exit straight away on hard [1;31mtime[mout
    dont run atexit handlers as its not safe to do so with multiple threads
    code might be inside malloc, for example, and glibc tries to cleanup its heap
    state with an atexit handler

[33mcommit 0f0a2171a76677146417e783f7fcc57f289b1783[m
Author: Nuno Lopes <nlopes@microsoft.com>
Date:   Sun Feb 21 15:41:43 2021 +0000

    maybe fix travis lto tests [1;31mtime[mout

[33mcommit 1bb9a02160d8c4237c4150f682017665bdcb8de8[m
Author: Nuno Lopes <nlopes@microsoft.com>
Date:   Sun Feb 21 13:13:19 2021 +0000

    travis [1;31mtime[mouts

[33mcommit f1e6227b8fcb1e468f0defb2f43e9fa219a9f15d[m
Author: Nuno Lopes <nlopes@microsoft.com>
Date:   Fri Feb 19 16:35:46 2021 +0000

    travis: try to get build bots not to [1;31mtime[mout..

[33mcommit 078dd0afe46f0a7944cb1f4446d6065e3293a484[m
Author: Nuno Lopes <nlopes@microsoft.com>
Date:   Fri Feb 19 13:27:05 2021 +0000

    travis: extend [1;31mtime[mout for all builders

[33mcommit 62b4e01cfd42916ac30ff28aa9701464e7f9b2a1[m
Author: Nuno Lopes <nlopes@microsoft.com>
Date:   Fri Feb 19 12:23:47 2021 +0000

    travis: disable gcc asan build as ubuntu's gcc 18.04 doesnt seem to support pthread_atfork
    + attempt to run tests in debug mode to see if they dont [1;31mtime[m out
For keyword perf:
[33mcommit 6aa766a5448db9cbb1cf00f5bd21694a671acd8e[m
Author: Nikolaj Bjorner <nbjorner@microsoft.com>
Date:   Sun Mar 28 14:14:52 2021 -0700

    fix [1;31mperf[m regression for new arithmetic solver, missing equality propagation #5106

[33mcommit d6691830c7c2d97c6c5e8dc0c7e563b5f876f155[m
Author: Nikolaj Bjorner <nbjorner@microsoft.com>
Date:   Sun Mar 28 14:14:25 2021 -0700

    fix [1;31mperf[m regression for new solver, missing equality propagations #5106

[33mcommit 4455f6caf8f633a3d308f3ccc72a26b08896eb6d[m
Author: Nikolaj Bjorner <nbjorner@microsoft.com>
Date:   Tue Feb 2 03:58:19 2021 -0800

    move to get_sort as method, add opt_lns pass, disable xor simplification unless configured, fix [1;31mperf[m bug in model converter update trail
For keyword optim:
[33mcommit f1545b04d2ae2eb681e236e4abf9b2903cc368d2[m
Author: Nuno Lopes <nlopes@microsoft.com>
Date:   Sun May 23 16:35:44 2021 +0100

    [1;31moptim[mize symbol table for single-threaded mode
    remotes a bunch of mem allocs + unnecessary computations on every string lookup

[33mcommit 4625454a385f50811d0f6db4347e6d6d23ffec67[m
Author: Zachary Wimer <zwimer@users.noreply.github.com>
Date:   Mon Apr 12 13:37:05 2021 -0700

    Fix fixedpoint rc bug and fix [1;31moptim[mize non-const bug (#5173)
    
    * Fix fixedpoint rc bug and fix [1;31moptim[mize non-const bug
    
    * Fix indentation

[33mcommit f72598922590aa18d641f7883e58b55efa0437a0[m
Author: Nikolaj Bjorner <nbjorner@microsoft.com>
Date:   Sun Feb 28 21:28:13 2021 -0800

    [1;31moptim[mize for enumeration datatypes

[33mcommit 16448104eb1abe247bdc5975fc6127b640585f66[m
Author: Nikolaj Bjorner <nbjorner@microsoft.com>
Date:   Fri Feb 5 17:11:04 2021 -0800

    add new model event handler for incremental [1;31moptim[mization
For keyword regression:
[33mcommit 018218729654c15f73e9033ade9e86370874d2a2[m
Author: Nikolaj Bjorner <nbjorner@microsoft.com>
Date:   Thu Jun 3 11:41:34 2021 -0700

    fix [1;31mregression[m in arithmetic resource bound
    
    Signed-off-by: Nikolaj Bjorner <nbjorner@microsoft.com>

[33mcommit 7869cdbbc88a70d7915f26c39259066985ea0d70[m
Author: Nikolaj Bjorner <nbjorner@microsoft.com>
Date:   Wed May 12 10:43:16 2021 -0700

    #5259 - the Ranjit 2s shave
    
    shave a couple of seconds from the Ranjit [1;31mregression[m

[33mcommit 31a5bd7fd7dc401f0af99261900f0b706c18aba4[m
Author: Nikolaj Bjorner <nbjorner@microsoft.com>
Date:   Sun May 9 20:33:39 2021 -0700

    [1;31mregression[m from July 4 2020 tweeted by Dr. RJ and crowd profiled - let's submit this somwhere?
    
    Signed-off-by: Nikolaj Bjorner <nbjorner@microsoft.com>

[33mcommit 1fc9a7ba84c2824bbb9cba64d2ef279250ecb9df[m
Author: Nikolaj Bjorner <nbjorner@microsoft.com>
Date:   Tue Mar 30 17:43:12 2021 -0700

    fix [1;31mregression[m, fix #5115

[33mcommit c71bbb6391e7cfbba704a63350513dc0977ea922[m
Author: Nikolaj Bjorner <nbjorner@microsoft.com>
Date:   Tue Mar 30 13:45:54 2021 -0700

    fix #5136, [1;31mregression[m when removing variable registration for mod/div operations

[33mcommit 6aa766a5448db9cbb1cf00f5bd21694a671acd8e[m
Author: Nikolaj Bjorner <nbjorner@microsoft.com>
Date:   Sun Mar 28 14:14:52 2021 -0700

    fix perf [1;31mregression[m for new arithmetic solver, missing equality propagation #5106

[33mcommit d6691830c7c2d97c6c5e8dc0c7e563b5f876f155[m
Author: Nikolaj Bjorner <nbjorner@microsoft.com>
Date:   Sun Mar 28 14:14:25 2021 -0700

    fix perf [1;31mregression[m for new solver, missing equality propagations #5106

[33mcommit b918f121ef93b61346583be7a1b896fca1bbdd0f[m
Author: Luca Bruno <lucab@debian.org>
Date:   Tue Mar 23 18:25:59 2021 +0000

    zstring: fix encode rountrip for '\' as printable ASCII (#5120)
    
    This fixes encode roundtripping for all printable ASCII characters.
    In particular, this now leaves a plain '\' untouched by the
    encoding logic, instead of converting it to escaped hex-digits.
    It also adds unit testing covering this specific zstring encoding
    property, in order to avoid future [1;31mregression[ms.

[33mcommit 0ce1c34d812dd9611cd83181f09d58aa4e5c753b[m
Author: Nikolaj Bjorner <nbjorner@microsoft.com>
Date:   Tue Mar 2 12:59:39 2021 -0800

    fix #5065 - [1;31mregression[m solving str.from_int equations now that it isn't injective any longer
    
    Signed-off-by: Nikolaj Bjorner <nbjorner@microsoft.com>

[33mcommit 998cf4c726258fa10900cdb905eda246a8d15148[m
Author: Nikolaj Bjorner <nbjorner@microsoft.com>
Date:   Fri Feb 12 12:24:27 2021 -0800

    fix #5020
    
    comparison for strict neighbor relation seemed reversed.
    Alas, this could introduce additional [1;31mregression[ms

[33mcommit b3144a534dfc801a805e276bc77614c872571dd3[m
Author: Nikolaj Bjorner <nbjorner@microsoft.com>
Date:   Wed Feb 3 21:40:45 2021 -0800

    remove string conversion causing [1;31mregression[m

[33mcommit cc001ad6825074743fd62818e40e9dc63c208f26[m
Author: Nikolaj Bjorner <nbjorner@microsoft.com>
Date:   Tue Feb 2 06:16:06 2021 -0800

    fix [1;31mregression[m

[33mcommit 4e8ba8b1609044fcd6a999f5d2b2e9016b75b47b[m
Author: Nikolaj Bjorner <nbjorner@microsoft.com>
Date:   Thu Jan 21 22:06:15 2021 -0800

    [1;31mregression[m fix, fix unicode mode
For keyword speed:
[33mcommit 853ce099ec199526fa96d85c8a7e2e545245dc56[m
Author: Nuno Lopes <nlopes@microsoft.com>
Date:   Tue Apr 13 17:21:42 2021 +0100

    api_context: consolidate ast trail vectors
    a context never changes between user rc/non-user rc, so we can reuse the trail for both options
    and save memory & smallish [1;31mspeed[mup

[33mcommit 52e67b0d3edb3f099f709a82470572ccf8613957[m
Author: Nuno Lopes <nlopes@microsoft.com>
Date:   Mon Feb 8 02:20:48 2021 +0000

    switch expr_safe_replace to std::unordered_map (#5003)
    
    * switch expr_safe_replace to std::unordered_map
    
    * further tweaks to expr_safe_replace for an overall [1;31mspeed[mup of 1.x in Z3_substitute
For keyword LRA:
For keyword proof:
[33mcommit 8c66691e6d411d9aa0e092843339d7f80983d39a[m
Author: Nikolaj Bjorner <nbjorner@microsoft.com>
Date:   Wed Mar 3 09:51:56 2021 -0800

    disable propagation in [1;31mproof[m mode as it produces ill-formed [1;31mproof[m objects. Fixes #5063
For keyword UFLRA:
For keyword model_validate:
