Searching between v0.601 and v0.602
Keywords: slow, fast, time, perf(ormance), optim(ize), regression
Additional keywords: lzo,lzma,gzip,bzip,compressoion,processor,multi,level,thread
Keywords: slow fast time perf optim regression speed lzo lzma gzip bzip compressoion processor multi level thread
For keyword slow:
For keyword fast:
For keyword time:
For keyword perf:
For keyword optim:
For keyword regression:
For keyword speed:
For keyword lzo:
For keyword lzma:
For keyword gzip:
For keyword bzip:
For keyword compressoion:
For keyword processor:
For keyword multi:
For keyword level:
For keyword thread:
