Searching between v0.552 and v0.560
Keywords: slow, fast, time, perf(ormance), optim(ize), regression
Additional keywords: lzo,lzma,gzip,bzip,compressoion,processor,multi,level,thread
Keywords: slow fast time perf optim regression speed lzo lzma gzip bzip compressoion processor multi level thread
For keyword slow:
For keyword fast:
For keyword time:
commit 7287ab8a66989816bd4f4ef7955dda0359dc8bf5
Author: Con Kolivas <kernel@kolivas.org>
Date:   Sat Feb 19 10:34:45 2011 +1100

    Fix md5 process bytes to occur at the same time as crc with the same buffer, saving time.
For keyword perf:
For keyword optim:
For keyword regression:
For keyword speed:
commit 4036125f947db849c6ddcbc27c25eaf21be7b627
Author: Con Kolivas <kernel@kolivas.org>
Date:   Sun Feb 20 12:16:45 2011 +1100

    Make the buffer passed to hash checking page sized which gives a minor speedup.
For keyword lzo:
For keyword lzma:
For keyword gzip:
For keyword bzip:
For keyword compressoion:
For keyword processor:
For keyword multi:
commit 626e0be28132301a059bc837b3810110b392138a
Author: Con Kolivas <kernel@kolivas.org>
Date:   Thu Feb 17 00:24:28 2011 +1100

    Convert semaphore primitives to pthread_mutexes making them more portable, thus allowing multithreading to work on OSX.
For keyword level:
For keyword thread:
commit 626e0be28132301a059bc837b3810110b392138a
Author: Con Kolivas <kernel@kolivas.org>
Date:   Thu Feb 17 00:24:28 2011 +1100

    Convert semaphore primitives to pthread_mutexes making them more portable, thus allowing multithreading to work on OSX.

commit 05c5326df32571b5f9aa7de597b6496dfd59539e
Author: Con Kolivas <kernel@kolivas.org>
Date:   Wed Feb 16 17:40:50 2011 +1100

    Revert "OSX doesn't support unnamed semaphores so to make it work, fake the threading by just creating the threads and waiting for them to finish."
    
    This reverts commit b81542cea47a9195e1af052216497b902f3b2dd4.
    
    Revert the change bypassing semaphores in OSX in preparation for changing the semaphores to mutexes.
